<?xml version="1.0" encoding="UTF-8"?>
<!-- Generated by org.testng.reporters.JUnitReportReporter -->
<testsuite skipped="0" hostname="Hitu-Mehul" name="com.banking.testCases.TC_LoginDDT_002" tests="2" failures="0" timestamp="30 Apr 2019 19:17:26 GMT" time="4.999" errors="0">
  <testcase name="getData" time="1.670" classname="com.banking.testCases.TC_LoginDDT_002"/>
  <testcase name="getData" time="3.329" classname="com.banking.testCases.TC_LoginDDT_002"/>
</testsuite> <!-- com.banking.testCases.TC_LoginDDT_002 -->
