<?xml version="1.0" encoding="UTF-8"?>
<!-- Generated by org.testng.reporters.JUnitReportReporter -->
<testsuite skipped="0" hostname="Hitu-Mehul" name="com.banking.testCases.TC_LoginTest_001" tests="3" failures="0" timestamp="30 Apr 2019 19:17:26 GMT" time="8.384" errors="0">
  <testcase name="getGoogleTitle" time="1.236" classname="com.banking.testCases.TC_LoginTest_001"/>
  <testcase name="getfbTitle" time="3.192" classname="com.banking.testCases.TC_LoginTest_001"/>
  <testcase name="loginTest" time="3.956" classname="com.banking.testCases.TC_LoginTest_001"/>
</testsuite> <!-- com.banking.testCases.TC_LoginTest_001 -->
