<?xml version="1.0" encoding="UTF-8"?>
<!-- Generated by org.testng.reporters.JUnitReportReporter -->
<testsuite skipped="0" hostname="Hitu-Mehul" name="com.banking.testCases.TC_HomePageLinks_001" tests="2" failures="0" timestamp="30 Apr 2019 19:17:26 GMT" time="7.032" errors="0">
  <testcase name="clickOnEditCustomer" time="2.122" classname="com.banking.testCases.TC_HomePageLinks_001"/>
  <testcase name="clickOnNewCustomer" time="4.910" classname="com.banking.testCases.TC_HomePageLinks_001"/>
</testsuite> <!-- com.banking.testCases.TC_HomePageLinks_001 -->
