<?xml version="1.0" encoding="UTF-8"?>
<!-- Generated by org.testng.reporters.JUnitReportReporter -->
<testsuite skipped="0" hostname="Hitu-Mehul" name="com.banking.testCases.TC_NewCustomer_DDT_001" tests="3" failures="0" timestamp="30 Apr 2019 19:17:26 GMT" time="12.682" errors="0">
  <testcase name="addNewCustomer2" time="5.304" classname="com.banking.testCases.TC_NewCustomer_DDT_001"/>
  <testcase name="addNewCustomer2" time="3.551" classname="com.banking.testCases.TC_NewCustomer_DDT_001"/>
  <testcase name="addNewCustomer2" time="3.827" classname="com.banking.testCases.TC_NewCustomer_DDT_001"/>
</testsuite> <!-- com.banking.testCases.TC_NewCustomer_DDT_001 -->
