<?xml version="1.0" encoding="UTF-8"?>
<!-- Generated by org.testng.reporters.JUnitReportReporter -->
<testsuite skipped="0" hostname="Hitu-Mehul" name="com.banking.testCases.TC_LoginTest_001" tests="2" failures="0" timestamp="17 Apr 2019 22:01:54 GMT" time="5.092" errors="0">
  <testcase name="getfbTitle" time="3.700" classname="com.banking.testCases.TC_LoginTest_001"/>
  <testcase name="getGoogleTitle" time="1.392" classname="com.banking.testCases.TC_LoginTest_001"/>
</testsuite> <!-- com.banking.testCases.TC_LoginTest_001 -->
